<?xml version="1.0" encoding="UTF-8"?>
<testsuite xmlns:xsi="http://www.w3.org/2001/XMLSchema-instance" xsi:noNamespaceSchemaLocation="https://maven.apache.org/surefire/maven-surefire-plugin/xsd/surefire-test-report-3.0.xsd" version="3.0" name="TestSuite" time="27.616" tests="4" errors="0" skipped="0" failures="0">
  <properties>
[...]
</properties>
  <testcase name="feature[&quot;TC00001_verify User is able to login to Address book with valid Login details&quot;, &quot;Optional[Address book Login Feature]&quot;](1)" classname="runners.TestRunner" time="7.737">
    <system-out><![CDATA[
@smokeTests
Scenario Outline: TC00001_verify User is able to login to Address book with valid Login details &amp#27;[90m# src/test/resources/features/login.feature:14&amp#27;[0m
BeforTest
chrome
started browser here
I am here 1
  &amp#27;[32mGiven &amp#27;[0m&amp#27;[32mUser is on signIn Page&amp#27;[0m                                                                  &amp#27;[90m# stepDefinitions.LoginPage.user_aready_on_login_page()&amp#27;[0m
  &amp#27;[32mWhen &amp#27;[0m&amp#27;[32mTitle of SignIn Page is AddressBook SignIn&amp#27;[0m                                               &amp#27;[90m# stepDefinitions.LoginPage.validate_SignInPage_Title()&amp#27;[0m
  &amp#27;[32mThen &amp#27;[0m&amp#27;[32mUser enters &amp#27;[0m&amp#27;[32m&amp#27;[1mlalithapadala3@gmail.com&amp#27;[0m&amp#27;[32m and &amp#27;[0m&amp#27;[32m&amp#27;[1mtest@123&amp#27;[0m                                        &amp#27;[90m# stepDefinitions.LoginPage.enterUserNameAndPassword(java.lang.String,java.lang.String)&amp#27;[0m
  &amp#27;[32mAnd &amp#27;[0m&amp#27;[32mUser clicks on SignIn button&amp#27;[0m                                                              &amp#27;[90m# stepDefinitions.LoginPage.click_SignIn_button()&amp#27;[0m
lalitha
Employee name is lalitha
  &amp#27;[32mThen &amp#27;[0m&amp#27;[32mUser is on home Page&amp#27;[0m                                                                     &amp#27;[90m# stepDefinitions.LoginPage.validateHomePage()&amp#27;[0m
I am here 2
]]></system-out>
    <system-err><![CDATA[SLF4J: Failed to load class "org.slf4j.impl.StaticLoggerBinder".
SLF4J: Defaulting to no-operation (NOP) logger implementation
SLF4J: See http://www.slf4j.org/codes.html#StaticLoggerBinder for further details.
Starting ChromeDriver 97.0.4692.71 (adefa7837d02a07a604c1e6eff0b3a09422ab88d-refs/branch-heads/4692@{#1247}) on port 30127
Only local connections are allowed.
Please see https://chromedriver.chromium.org/security-considerations for suggestions on keeping ChromeDriver safe.
ChromeDriver was started successfully.
[1646490998.336][WARNING]: This version of ChromeDriver has not been tested with Chrome version 98.
Mar 05, 2022 8:06:38 PM org.openqa.selenium.remote.ProtocolHandshake createSession
INFO: Detected dialect: W3C
]]></system-err>
  </testcase>
  <testcase name="feature[&quot;TC00002_verify User is able to login to Address book with valid Login details&quot;, &quot;Optional[Address book Login Feature]&quot;](2)" classname="runners.TestRunner" time="5.948">
    <system-out><![CDATA[
@RegressionTests
Scenario Outline: TC00002_verify User is able to login to Address book with valid Login details &amp#27;[90m# src/test/resources/features/login.feature:27&amp#27;[0m
BeforTest
chrome
started browser here
I am here 1
  &amp#27;[32mGiven &amp#27;[0m&amp#27;[32mUser is on signIn Page&amp#27;[0m                                                                  &amp#27;[90m# stepDefinitions.LoginPage.user_aready_on_login_page()&amp#27;[0m
  &amp#27;[32mWhen &amp#27;[0m&amp#27;[32mTitle of SignIn Page is AddressBook SignIn&amp#27;[0m                                               &amp#27;[90m# stepDefinitions.LoginPage.validate_SignInPage_Title()&amp#27;[0m
  &amp#27;[32mThen &amp#27;[0m&amp#27;[32mUser enters &amp#27;[0m&amp#27;[32m&amp#27;[1mlalithapadala3@gmail.com&amp#27;[0m&amp#27;[32m and &amp#27;[0m&amp#27;[32m&amp#27;[1mtest@123&amp#27;[0m                                        &amp#27;[90m# stepDefinitions.LoginPage.enterUserNameAndPassword(java.lang.String,java.lang.String)&amp#27;[0m
  &amp#27;[32mAnd &amp#27;[0m&amp#27;[32mUser clicks on SignIn button&amp#27;[0m                                                              &amp#27;[90m# stepDefinitions.LoginPage.click_SignIn_button()&amp#27;[0m
lalitha
Employee name is lalitha
  &amp#27;[32mThen &amp#27;[0m&amp#27;[32mUser is on home Page&amp#27;[0m                                                                     &amp#27;[90m# stepDefinitions.LoginPage.validateHomePage()&amp#27;[0m
I am here 2
]]></system-out>
    <system-err><![CDATA[Starting ChromeDriver 97.0.4692.71 (adefa7837d02a07a604c1e6eff0b3a09422ab88d-refs/branch-heads/4692@{#1247}) on port 43112
Only local connections are allowed.
Please see https://chromedriver.chromium.org/security-considerations for suggestions on keeping ChromeDriver safe.
ChromeDriver was started successfully.
[1646491005.459][WARNING]: This version of ChromeDriver has not been tested with Chrome version 98.
Mar 05, 2022 8:06:45 PM org.openqa.selenium.remote.ProtocolHandshake createSession
INFO: Detected dialect: W3C
]]></system-err>
  </testcase>
  <testcase name="feature[&quot;TC00003_verify User is able to login to Address book with valid Login details&quot;, &quot;Optional[Address book Login Feature 2]&quot;](3)" classname="runners.TestRunner" time="6.162">
    <system-out><![CDATA[
@smokeTests
Scenario Outline: TC00003_verify User is able to login to Address book with valid Login details &amp#27;[90m# src/test/resources/features/login2.feature:14&amp#27;[0m
BeforTest
chrome
started browser here
I am here 1
  &amp#27;[32mGiven &amp#27;[0m&amp#27;[32mUser is on signIn Page&amp#27;[0m                                                                  &amp#27;[90m# stepDefinitions.LoginPage.user_aready_on_login_page()&amp#27;[0m
  &amp#27;[32mWhen &amp#27;[0m&amp#27;[32mTitle of SignIn Page is AddressBook SignIn&amp#27;[0m                                               &amp#27;[90m# stepDefinitions.LoginPage.validate_SignInPage_Title()&amp#27;[0m
  &amp#27;[32mThen &amp#27;[0m&amp#27;[32mUser enters &amp#27;[0m&amp#27;[32m&amp#27;[1mlalithapadala3@gmail.com&amp#27;[0m&amp#27;[32m and &amp#27;[0m&amp#27;[32m&amp#27;[1mtest@123&amp#27;[0m                                        &amp#27;[90m# stepDefinitions.LoginPage.enterUserNameAndPassword(java.lang.String,java.lang.String)&amp#27;[0m
  &amp#27;[32mAnd &amp#27;[0m&amp#27;[32mUser clicks on SignIn button&amp#27;[0m                                                              &amp#27;[90m# stepDefinitions.LoginPage.click_SignIn_button()&amp#27;[0m
lalitha
Employee name is lalitha
  &amp#27;[32mThen &amp#27;[0m&amp#27;[32mUser is on home Page&amp#27;[0m                                                                     &amp#27;[90m# stepDefinitions.LoginPage.validateHomePage()&amp#27;[0m
I am here 2
]]></system-out>
    <system-err><![CDATA[Starting ChromeDriver 97.0.4692.71 (adefa7837d02a07a604c1e6eff0b3a09422ab88d-refs/branch-heads/4692@{#1247}) on port 32271
Only local connections are allowed.
Please see https://chromedriver.chromium.org/security-considerations for suggestions on keeping ChromeDriver safe.
ChromeDriver was started successfully.
[1646491011.359][WARNING]: This version of ChromeDriver has not been tested with Chrome version 98.
Mar 05, 2022 8:06:51 PM org.openqa.selenium.remote.ProtocolHandshake createSession
INFO: Detected dialect: W3C
]]></system-err>
  </testcase>
  <testcase name="feature[&quot;TC00004_verify User is able to login to Address book with valid Login details&quot;, &quot;Optional[Address book Login Feature 2]&quot;](4)" classname="runners.TestRunner" time="6.029">
    <system-out><![CDATA[
@LoginTests
Scenario Outline: TC00004_verify User is able to login to Address book with valid Login details &amp#27;[90m# src/test/resources/features/login2.feature:27&amp#27;[0m
BeforTest
chrome
started browser here
I am before login test 1
  &amp#27;[32mGiven &amp#27;[0m&amp#27;[32mUser is on signIn Page&amp#27;[0m                                                                  &amp#27;[90m# stepDefinitions.LoginPage.user_aready_on_login_page()&amp#27;[0m
  &amp#27;[32mWhen &amp#27;[0m&amp#27;[32mTitle of SignIn Page is AddressBook SignIn&amp#27;[0m                                               &amp#27;[90m# stepDefinitions.LoginPage.validate_SignInPage_Title()&amp#27;[0m
  &amp#27;[32mThen &amp#27;[0m&amp#27;[32mUser enters &amp#27;[0m&amp#27;[32m&amp#27;[1mlalithapadala3@gmail.com&amp#27;[0m&amp#27;[32m and &amp#27;[0m&amp#27;[32m&amp#27;[1mtest@123&amp#27;[0m                                        &amp#27;[90m# stepDefinitions.LoginPage.enterUserNameAndPassword(java.lang.String,java.lang.String)&amp#27;[0m
  &amp#27;[32mAnd &amp#27;[0m&amp#27;[32mUser clicks on SignIn button&amp#27;[0m                                                              &amp#27;[90m# stepDefinitions.LoginPage.click_SignIn_button()&amp#27;[0m
lalitha
Employee name is lalitha
  &amp#27;[32mThen &amp#27;[0m&amp#27;[32mUser is on home Page&amp#27;[0m                                                                     &amp#27;[90m# stepDefinitions.LoginPage.validateHomePage()&amp#27;[0m
I am after login test 2
]]></system-out>
    <system-err><![CDATA[Starting ChromeDriver 97.0.4692.71 (adefa7837d02a07a604c1e6eff0b3a09422ab88d-refs/branch-heads/4692@{#1247}) on port 27322
Only local connections are allowed.
Please see https://chromedriver.chromium.org/security-considerations for suggestions on keeping ChromeDriver safe.
ChromeDriver was started successfully.
[1646491017.571][WARNING]: This version of ChromeDriver has not been tested with Chrome version 98.
Mar 05, 2022 8:06:57 PM org.openqa.selenium.remote.ProtocolHandshake createSession
INFO: Detected dialect: W3C
]]></system-err>
  </testcase>
</testsuite>