<?xml version="1.0" encoding="UTF-8"?>
<testng-results ignored="0" total="4" passed="4" failed="0" skipped="0">
  <reporter-output>
  </reporter-output>
  <suite started-at="2022-03-05T20:06:36 IST" name="BDD Test Suite" finished-at="2022-03-05T20:07:02 IST" duration-ms="26470">
    <groups>
      <group name="cucumber">
        <method signature="TestRunner.feature(io.cucumber.testng.PickleWrapper,io.cucumber.testng.FeatureWrapper)[pri:0, instance:runners.TestRunner@4cc547a]" name="feature" class="runners.TestRunner"/>
      </group> <!-- cucumber -->
    </groups>
    <test started-at="2022-03-05T20:06:36 IST" name="Test" finished-at="2022-03-05T20:07:02 IST" duration-ms="26470">
      <class name="runners.TestRunner">
        <test-method is-config="true" signature="setupClass()[pri:0, instance:runners.TestRunner@4cc547a]" started-at="2022-03-05T20:06:36 IST" name="setupClass" finished-at="2022-03-05T20:06:36 IST" duration-ms="432" status="PASS">
          <reporter-output>
          </reporter-output>
        </test-method> <!-- setupClass -->
        <test-method signature="feature(io.cucumber.testng.PickleWrapper,io.cucumber.testng.FeatureWrapper)[pri:0, instance:runners.TestRunner@4cc547a]" started-at="2022-03-05T20:06:36 IST" name="feature" description="Runs Cucumber Feature" data-provider="features" finished-at="2022-03-05T20:06:44 IST" duration-ms="7724" status="PASS">
          <params>
            <param index="0">
              <value>
                <![CDATA["TC00001_verify User is able to login to Address book with valid Login details"]]>
              </value>
            </param>
            <param index="1">
              <value>
                <![CDATA["Optional[Address book Login Feature]"]]>
              </value>
            </param>
          </params>
          <reporter-output>
          </reporter-output>
        </test-method> <!-- feature -->
        <test-method signature="feature(io.cucumber.testng.PickleWrapper,io.cucumber.testng.FeatureWrapper)[pri:0, instance:runners.TestRunner@4cc547a]" started-at="2022-03-05T20:06:44 IST" name="feature" description="Runs Cucumber Feature" data-provider="features" finished-at="2022-03-05T20:06:50 IST" duration-ms="5966" status="PASS">
          <params>
            <param index="0">
              <value>
                <![CDATA["TC00002_verify User is able to login to Address book with valid Login details"]]>
              </value>
            </param>
            <param index="1">
              <value>
                <![CDATA["Optional[Address book Login Feature]"]]>
              </value>
            </param>
          </params>
          <reporter-output>
          </reporter-output>
        </test-method> <!-- feature -->
        <test-method signature="feature(io.cucumber.testng.PickleWrapper,io.cucumber.testng.FeatureWrapper)[pri:0, instance:runners.TestRunner@4cc547a]" started-at="2022-03-05T20:06:50 IST" name="feature" description="Runs Cucumber Feature" data-provider="features" finished-at="2022-03-05T20:06:56 IST" duration-ms="6161" status="PASS">
          <params>
            <param index="0">
              <value>
                <![CDATA["TC00003_verify User is able to login to Address book with valid Login details"]]>
              </value>
            </param>
            <param index="1">
              <value>
                <![CDATA["Optional[Address book Login Feature 2]"]]>
              </value>
            </param>
          </params>
          <reporter-output>
          </reporter-output>
        </test-method> <!-- feature -->
        <test-method signature="feature(io.cucumber.testng.PickleWrapper,io.cucumber.testng.FeatureWrapper)[pri:0, instance:runners.TestRunner@4cc547a]" started-at="2022-03-05T20:06:56 IST" name="feature" description="Runs Cucumber Feature" data-provider="features" finished-at="2022-03-05T20:07:02 IST" duration-ms="6025" status="PASS">
          <params>
            <param index="0">
              <value>
                <![CDATA["TC00004_verify User is able to login to Address book with valid Login details"]]>
              </value>
            </param>
            <param index="1">
              <value>
                <![CDATA["Optional[Address book Login Feature 2]"]]>
              </value>
            </param>
          </params>
          <reporter-output>
          </reporter-output>
        </test-method> <!-- feature -->
        <test-method is-config="true" signature="tearDownClass()[pri:0, instance:runners.TestRunner@4cc547a]" started-at="2022-03-05T20:07:02 IST" name="tearDownClass" finished-at="2022-03-05T20:07:02 IST" duration-ms="132" status="PASS">
          <reporter-output>
          </reporter-output>
        </test-method> <!-- tearDownClass -->
      </class> <!-- runners.TestRunner -->
    </test> <!-- Test -->
  </suite> <!-- BDD Test Suite -->
</testng-results>
