<?xml version="1.0" encoding="UTF-8"?>
<!-- Generated by org.testng.reporters.JUnitXMLReporter -->
<testsuite ignored="0" hostname="MSI" failures="0" tests="4" name="Test" time="26.47" errors="0" timestamp="2022-03-05T20:07:03 IST">
  <testcase classname="runners.TestRunner" name="feature" time="7.724"/>
  <testcase classname="runners.TestRunner" name="feature" time="5.966"/>
  <testcase classname="runners.TestRunner" name="feature" time="6.161"/>
  <testcase classname="runners.TestRunner" name="feature" time="6.025"/>
</testsuite> <!-- Test -->
